0 verbose cli /usr/local/bin/node /usr/local/bin/npm
1 info using npm@10.4.0
2 info using node@v20.11.0
3 timing npm:load:whichnode Completed in 3ms
4 timing config:load:defaults Completed in 55ms
5 timing config:load:file:/usr/local/lib/node_modules/npm/npmrc Completed in 1ms
6 timing config:load:builtin Completed in 1ms
7 timing config:load:cli Completed in 4ms
8 timing config:load:env Completed in 1ms
9 timing config:load:project Completed in 95ms
10 timing config:load:file:/home/container/.npmrc Completed in 0ms
11 timing config:load:user Completed in 1ms
12 timing config:load:file:/usr/local/etc/npmrc Completed in 0ms
13 timing config:load:global Completed in 0ms
14 timing config:load:setEnvs Completed in 2ms
15 timing config:load Completed in 159ms
16 timing npm:load:configload Completed in 160ms
17 timing config:load:flatten Completed in 4ms
18 timing npm:load:mkdirpcache Completed in 1ms
19 timing npm:load:mkdirplogs Completed in 0ms
20 verbose title npm install
21 verbose argv "install"
22 timing npm:load:setTitle Completed in 1ms
23 timing npm:load:display Completed in 1ms
24 verbose logfile logs-max:10 dir:/home/container/.npm/_logs/2024-01-30T10_30_43_954Z-
25 verbose logfile /home/container/.npm/_logs/2024-01-30T10_30_43_954Z-debug-0.log
26 timing npm:load:logFile Completed in 90ms
27 timing npm:load:timers Completed in 0ms
28 timing npm:load:configScope Completed in 0ms
29 timing npm:load Completed in 360ms
30 timing arborist:ctor Completed in 2ms
31 silly logfile done cleaning log files
32 timing idealTree:init Completed in 130ms
33 timing idealTree:userRequests Completed in 57ms
34 silly idealTree buildDeps
35 timing idealTree:#root Completed in 0ms
36 timing idealTree:buildDeps Completed in 2ms
37 timing idealTree:fixDepFlags Completed in 0ms
38 timing idealTree Completed in 191ms
39 timing arborist:ctor Completed in 0ms
40 timing reify:loadTrees Completed in 207ms
41 timing reify:diffTrees Completed in 4ms
42 silly reify moves {}
43 timing reify:retireShallow Completed in 2ms
44 timing reify:createSparse Completed in 0ms
45 timing reify:loadBundles Completed in 0ms
46 silly audit bulk request {
46 silly audit   '@discordjs/builders': [ '1.7.0' ],
46 silly audit   '@discordjs/collection': [ '1.5.3', '2.0.0' ],
46 silly audit   '@discordjs/formatters': [ '0.3.3' ],
46 silly audit   '@discordjs/rest': [ '2.2.0' ],
46 silly audit   '@discordjs/util': [ '1.0.2' ],
46 silly audit   '@discordjs/ws': [ '1.0.2' ],
46 silly audit   '@fastify/busboy': [ '2.1.0' ],
46 silly audit   '@sapphire/async-queue': [ '1.5.1' ],
46 silly audit   '@sapphire/shapeshift': [ '3.9.5' ],
46 silly audit   '@sapphire/snowflake': [ '3.5.1' ],
46 silly audit   '@types/node': [ '20.10.6' ],
46 silly audit   '@types/ws': [ '8.5.9' ],
46 silly audit   '@vladfrangu/async_event_emitter': [ '2.2.4' ],
46 silly audit   'discord-api-types': [ '0.37.61' ],
46 silly audit   'discord.js': [ '14.14.1' ],
46 silly audit   'fast-deep-equal': [ '3.1.3' ],
46 silly audit   lodash: [ '4.17.21' ],
46 silly audit   'lodash.snakecase': [ '4.1.1' ],
46 silly audit   'magic-bytes.js': [ '1.7.0' ],
46 silly audit   'ts-mixer': [ '6.0.3' ],
46 silly audit   tslib: [ '2.6.2' ],
46 silly audit   undici: [ '5.27.2' ],
46 silly audit   'undici-types': [ '5.26.5' ],
46 silly audit   ws: [ '8.14.2' ]
46 silly audit }
47 timing reify:unpack Completed in 5ms
48 timing reify:unretire Completed in 109ms
49 timing build:queue Completed in 0ms
50 timing build:deps Completed in 49ms
51 timing build Completed in 49ms
52 timing reify:build Completed in 49ms
53 timing reify:trash Completed in 0ms
54 timing reify:save Completed in 26ms
55 http fetch POST 200 https://registry.npmjs.org/-/npm/v1/security/advisories/bulk 669ms
56 timing auditReport:getReport Completed in 747ms
57 silly audit report {}
58 timing auditReport:init Completed in 0ms
59 timing reify:audit Completed in 748ms
60 timing reify Completed in 972ms
61 timing command:install Completed in 1055ms
62 verbose exit 0
63 timing npm Completed in 2065ms
64 info ok
